<?xml version="1.0" encoding="UTF-8"?>
<coverage generated="1569443965759" clover="3.2.0">
  <project timestamp="1569443965759" name="All files">
    <metrics statements="1" coveredstatements="1" conditionals="26" coveredconditionals="13" methods="11" coveredmethods="9" elements="38" coveredelements="23" complexity="0" loc="1" ncloc="1" packages="1" files="1" classes="1"/>
    <file name="alias-map.js" path="/home/trevor/dev/projects/orgs/jsdsl/alias-map/js/alias-map.js">
      <metrics statements="1" coveredstatements="1" conditionals="26" coveredconditionals="13" methods="11" coveredmethods="9"/>
      <line num="1" count="594" type="cond" truecount="13" falsecount="13"/>
    </file>
  </project>
</coverage>
