{"/home/trevor/dev/projects/orgs/jsdsl/alias-map/js/alias-map.js": {"path":"/home/trevor/dev/projects/orgs/jsdsl/alias-map/js/alias-map.js","statementMap":{"0":{"start":{"line":1,"column":13},"end":{"line":1,"column":68}},"1":{"start":{"line":1,"column":97},"end":{"line":1,"column":179}},"2":{"start":{"line":1,"column":193},"end":{"line":1,"column":245}},"3":{"start":{"line":1,"column":246},"end":{"line":1,"column":278}},"4":{"start":{"line":1,"column":288},"end":{"line":1,"column":326}},"5":{"start":{"line":1,"column":303},"end":{"line":1,"column":326}},"6":{"start":{"line":1,"column":333},"end":{"line":1,"column":358}},"7":{"start":{"line":1,"column":359},"end":{"line":1,"column":447}},"8":{"start":{"line":1,"column":468},"end":{"line":1,"column":637}},"9":{"start":{"line":1,"column":509},"end":{"line":1,"column":539}},"10":{"start":{"line":1,"column":540},"end":{"line":1,"column":628}},"11":{"start":{"line":1,"column":555},"end":{"line":1,"column":628}},"12":{"start":{"line":1,"column":628},"end":{"line":1,"column":636}},"13":{"start":{"line":1,"column":637},"end":{"line":1,"column":645}},"14":{"start":{"line":1,"column":653},"end":{"line":1,"column":690}},"15":{"start":{"line":1,"column":706},"end":{"line":1,"column":905}},"16":{"start":{"line":1,"column":728},"end":{"line":1,"column":758}},"17":{"start":{"line":1,"column":759},"end":{"line":1,"column":793}},"18":{"start":{"line":1,"column":799},"end":{"line":1,"column":830}},"19":{"start":{"line":1,"column":831},"end":{"line":1,"column":904}},"20":{"start":{"line":1,"column":905},"end":{"line":1,"column":913}},"21":{"start":{"line":1,"column":929},"end":{"line":1,"column":1102}},"22":{"start":{"line":1,"column":951},"end":{"line":1,"column":981}},"23":{"start":{"line":1,"column":984},"end":{"line":1,"column":1015}},"24":{"start":{"line":1,"column":1016},"end":{"line":1,"column":1065}},"25":{"start":{"line":1,"column":1031},"end":{"line":1,"column":1065}},"26":{"start":{"line":1,"column":1065},"end":{"line":1,"column":1101}},"27":{"start":{"line":1,"column":1102},"end":{"line":1,"column":1110}},"28":{"start":{"line":1,"column":1131},"end":{"line":1,"column":1286}},"29":{"start":{"line":1,"column":1153},"end":{"line":1,"column":1183}},"30":{"start":{"line":1,"column":1186},"end":{"line":1,"column":1217}},"31":{"start":{"line":1,"column":1218},"end":{"line":1,"column":1277}},"32":{"start":{"line":1,"column":1224},"end":{"line":1,"column":1277}},"33":{"start":{"line":1,"column":1234},"end":{"line":1,"column":1235}},"34":{"start":{"line":1,"column":1251},"end":{"line":1,"column":1277}},"35":{"start":{"line":1,"column":1277},"end":{"line":1,"column":1285}},"36":{"start":{"line":1,"column":1314},"end":{"line":1,"column":1379}},"37":{"start":{"line":1,"column":1336},"end":{"line":1,"column":1362}},"38":{"start":{"line":1,"column":1363},"end":{"line":1,"column":1378}},"39":{"start":{"line":1,"column":1379},"end":{"line":1,"column":1387}},"40":{"start":{"line":1,"column":1395},"end":{"line":1,"column":1423}},"41":{"start":{"line":1,"column":1432},"end":{"line":1,"column":1514}},"42":{"start":{"line":1,"column":1516},"end":{"line":1,"column":1542}}},"fnMap":{"0":{"name":"(anonymous_0)","decl":{"start":{"line":1,"column":83},"end":{"line":1,"column":84}},"loc":{"start":{"line":1,"column":96},"end":{"line":1,"column":180}},"line":1},"1":{"name":"(anonymous_1)","decl":{"start":{"line":1,"column":180},"end":{"line":1,"column":181}},"loc":{"start":{"line":1,"column":186},"end":{"line":1,"column":279}},"line":1},"2":{"name":"(anonymous_2)","decl":{"start":{"line":1,"column":279},"end":{"line":1,"column":280}},"loc":{"start":{"line":1,"column":287},"end":{"line":1,"column":449}},"line":1},"3":{"name":"(anonymous_3)","decl":{"start":{"line":1,"column":449},"end":{"line":1,"column":450}},"loc":{"start":{"line":1,"column":467},"end":{"line":1,"column":646}},"line":1},"4":{"name":"(anonymous_4)","decl":{"start":{"line":1,"column":646},"end":{"line":1,"column":647}},"loc":{"start":{"line":1,"column":652},"end":{"line":1,"column":691}},"line":1},"5":{"name":"(anonymous_5)","decl":{"start":{"line":1,"column":691},"end":{"line":1,"column":692}},"loc":{"start":{"line":1,"column":705},"end":{"line":1,"column":914}},"line":1},"6":{"name":"(anonymous_6)","decl":{"start":{"line":1,"column":914},"end":{"line":1,"column":915}},"loc":{"start":{"line":1,"column":928},"end":{"line":1,"column":1111}},"line":1},"7":{"name":"(anonymous_7)","decl":{"start":{"line":1,"column":1111},"end":{"line":1,"column":1112}},"loc":{"start":{"line":1,"column":1130},"end":{"line":1,"column":1287}},"line":1},"8":{"name":"(anonymous_8)","decl":{"start":{"line":1,"column":1287},"end":{"line":1,"column":1288}},"loc":{"start":{"line":1,"column":1313},"end":{"line":1,"column":1388}},"line":1},"9":{"name":"(anonymous_9)","decl":{"start":{"line":1,"column":1388},"end":{"line":1,"column":1389}},"loc":{"start":{"line":1,"column":1394},"end":{"line":1,"column":1424}},"line":1},"10":{"name":"(anonymous_10)","decl":{"start":{"line":1,"column":1424},"end":{"line":1,"column":1425}},"loc":{"start":{"line":1,"column":1431},"end":{"line":1,"column":1515}},"line":1}},"branchMap":{"0":{"loc":{"start":{"line":1,"column":253},"end":{"line":1,"column":278}},"type":"cond-expr","locations":[{"start":{"line":1,"column":264},"end":{"line":1,"column":270}},{"start":{"line":1,"column":271},"end":{"line":1,"column":278}}],"line":1},"1":{"loc":{"start":{"line":1,"column":288},"end":{"line":1,"column":326}},"type":"if","locations":[{"start":{"line":1,"column":288},"end":{"line":1,"column":326}},{"start":{"line":1,"column":288},"end":{"line":1,"column":326}}],"line":1},"2":{"loc":{"start":{"line":1,"column":468},"end":{"line":1,"column":637}},"type":"if","locations":[{"start":{"line":1,"column":468},"end":{"line":1,"column":637}},{"start":{"line":1,"column":468},"end":{"line":1,"column":637}}],"line":1},"3":{"loc":{"start":{"line":1,"column":706},"end":{"line":1,"column":905}},"type":"if","locations":[{"start":{"line":1,"column":706},"end":{"line":1,"column":905}},{"start":{"line":1,"column":706},"end":{"line":1,"column":905}}],"line":1},"4":{"loc":{"start":{"line":1,"column":837},"end":{"line":1,"column":901}},"type":"binary-expr","locations":[{"start":{"line":1,"column":838},"end":{"line":1,"column":848}},{"start":{"line":1,"column":850},"end":{"line":1,"column":862}},{"start":{"line":1,"column":864},"end":{"line":1,"column":872}},{"start":{"line":1,"column":875},"end":{"line":1,"column":901}}],"line":1},"5":{"loc":{"start":{"line":1,"column":929},"end":{"line":1,"column":1102}},"type":"if","locations":[{"start":{"line":1,"column":929},"end":{"line":1,"column":1102}},{"start":{"line":1,"column":929},"end":{"line":1,"column":1102}}],"line":1},"6":{"loc":{"start":{"line":1,"column":1125},"end":{"line":1,"column":1129}},"type":"default-arg","locations":[{"start":{"line":1,"column":1127},"end":{"line":1,"column":1129}}],"line":1},"7":{"loc":{"start":{"line":1,"column":1131},"end":{"line":1,"column":1286}},"type":"if","locations":[{"start":{"line":1,"column":1131},"end":{"line":1,"column":1286}},{"start":{"line":1,"column":1131},"end":{"line":1,"column":1286}}],"line":1},"8":{"loc":{"start":{"line":1,"column":1218},"end":{"line":1,"column":1277}},"type":"if","locations":[{"start":{"line":1,"column":1218},"end":{"line":1,"column":1277}},{"start":{"line":1,"column":1218},"end":{"line":1,"column":1277}}],"line":1},"9":{"loc":{"start":{"line":1,"column":1251},"end":{"line":1,"column":1276}},"type":"binary-expr","locations":[{"start":{"line":1,"column":1251},"end":{"line":1,"column":1259}},{"start":{"line":1,"column":1261},"end":{"line":1,"column":1276}}],"line":1},"10":{"loc":{"start":{"line":1,"column":1308},"end":{"line":1,"column":1312}},"type":"default-arg","locations":[{"start":{"line":1,"column":1310},"end":{"line":1,"column":1312}}],"line":1},"11":{"loc":{"start":{"line":1,"column":1314},"end":{"line":1,"column":1379}},"type":"if","locations":[{"start":{"line":1,"column":1314},"end":{"line":1,"column":1379}},{"start":{"line":1,"column":1314},"end":{"line":1,"column":1379}}],"line":1},"12":{"loc":{"start":{"line":1,"column":1370},"end":{"line":1,"column":1376}},"type":"binary-expr","locations":[{"start":{"line":1,"column":1370},"end":{"line":1,"column":1371}},{"start":{"line":1,"column":1373},"end":{"line":1,"column":1376}}],"line":1}},"s":{"0":1,"1":68,"2":28,"3":28,"4":198,"5":0,"6":198,"7":198,"8":594,"9":594,"10":594,"11":594,"12":594,"13":0,"14":231,"15":0,"16":0,"17":0,"18":0,"19":0,"20":0,"21":7,"22":6,"23":6,"24":6,"25":24,"26":6,"27":1,"28":13,"29":12,"30":12,"31":12,"32":6,"33":6,"34":24,"35":12,"36":0,"37":0,"38":0,"39":0,"40":7,"41":1,"42":1},"f":{"0":68,"1":28,"2":198,"3":594,"4":231,"5":0,"6":7,"7":13,"8":0,"9":7,"10":1},"b":{"0":[16,12],"1":[0,198],"2":[594,0],"3":[0,0],"4":[0,0,0,0],"5":[6,1],"6":[7],"7":[12,1],"8":[6,6],"9":[24,6],"10":[0],"11":[0,0],"12":[0,0]},"_coverageSchema":"43e27e138ebf9cfc5966b082cf9a028302ed4184","hash":"95d5da78d55e5ca8f21dfa9c0c1d17115a5013b8"}
}
