TN:
SF:/home/trevor/dev/projects/orgs/jsdsl/alias-map/js/alias-map.js
FN:1,(anonymous_0)
FN:1,(anonymous_1)
FN:1,(anonymous_2)
FN:1,(anonymous_3)
FN:1,(anonymous_4)
FN:1,(anonymous_5)
FN:1,(anonymous_6)
FN:1,(anonymous_7)
FN:1,(anonymous_8)
FN:1,(anonymous_9)
FN:1,(anonymous_10)
FNF:11
FNH:9
FNDA:68,(anonymous_0)
FNDA:28,(anonymous_1)
FNDA:198,(anonymous_2)
FNDA:594,(anonymous_3)
FNDA:231,(anonymous_4)
FNDA:0,(anonymous_5)
FNDA:7,(anonymous_6)
FNDA:13,(anonymous_7)
FNDA:0,(anonymous_8)
FNDA:7,(anonymous_9)
FNDA:1,(anonymous_10)
DA:1,594
LF:1
LH:1
BRDA:1,0,0,16
BRDA:1,0,1,12
BRDA:1,1,0,0
BRDA:1,1,1,198
BRDA:1,2,0,594
BRDA:1,2,1,0
BRDA:1,3,0,0
BRDA:1,3,1,0
BRDA:1,4,0,0
BRDA:1,4,1,0
BRDA:1,4,2,0
BRDA:1,4,3,0
BRDA:1,5,0,6
BRDA:1,5,1,1
BRDA:1,6,0,7
BRDA:1,7,0,12
BRDA:1,7,1,1
BRDA:1,8,0,6
BRDA:1,8,1,6
BRDA:1,9,0,24
BRDA:1,9,1,6
BRDA:1,10,0,0
BRDA:1,11,0,0
BRDA:1,11,1,0
BRDA:1,12,0,0
BRDA:1,12,1,0
BRF:26
BRH:13
end_of_record
